<?xml version="1.0" encoding="UTF-8"?>
<!-- Generated by org.testng.reporters.JUnitReportReporter -->
<testsuite skipped="1" hostname="AINH8CG7130CHN" name="poc.TC01_OCS_Search" tests="1" failures="0" timestamp="10 Feb 2021 10:52:32 GMT" time="0.001" errors="0">
  <testcase name="searchClient_NavigatetoClientDashboard" time="0.001" classname="poc.TC01_OCS_Search">
    <skipped/>
  </testcase> <!-- searchClient_NavigatetoClientDashboard -->
</testsuite> <!-- poc.TC01_OCS_Search -->
