<?xml version="1.0" encoding="UTF-8"?>
<!-- Generated by org.testng.reporters.JUnitReportReporter -->
<testsuite skipped="0" hostname="AINH8CG7130CHN" name="poc.TC01_OCS_Search" tests="1" failures="0" timestamp="28 Sep 2020 09:53:59 GMT" time="23.250" errors="0">
  <testcase name="openBrowser" time="23.250" classname="poc.TC01_OCS_Search"/>
</testsuite> <!-- poc.TC01_OCS_Search -->
