<?xml version="1.0" encoding="UTF-8"?>
<!-- Generated by org.testng.reporters.JUnitReportReporter -->
<testsuite skipped="0" hostname="AINH8CG7130CHN" name="poc.TC_001" tests="2" failures="0" timestamp="28 Sep 2020 07:01:52 GMT" time="0.010" errors="0">
  <testcase name="add" time="0.009" classname="poc.TC_001"/>
  <testcase name="sub" time="0.001" classname="poc.TC_001"/>
</testsuite> <!-- poc.TC_001 -->
