<?xml version="1.0" encoding="UTF-8"?>
<!-- Generated by org.testng.reporters.JUnitReportReporter -->
<testsuite skipped="0" hostname="AINH8CG7130CHN" name="ocs_TestCase.TestCase001" tests="2" failures="0" timestamp="10 Feb 2021 11:17:21 GMT" time="0.016" errors="0">
  <testcase name="add" time="0.012" classname="ocs_TestCase.TestCase001"/>
  <testcase name="sub" time="0.004" classname="ocs_TestCase.TestCase001"/>
</testsuite> <!-- ocs_TestCase.TestCase001 -->
